[0m13:55:21.356303 [debug] [MainThread]: Sending event: {'category': 'dbt', 'action': 'invocation', 'label': 'start', 'context': [<snowplow_tracker.self_describing_json.SelfDescribingJson object at 0x000001A92AEB20F0>, <snowplow_tracker.self_describing_json.SelfDescribingJson object at 0x000001A92B469CA0>, <snowplow_tracker.self_describing_json.SelfDescribingJson object at 0x000001A92B469FA0>]}


============================== 13:55:21.372148 | ecb7ad58-37f3-49ff-b207-8229365831d5 ==============================
[0m13:55:21.372148 [info ] [MainThread]: Running with dbt=1.11.2
[0m13:55:21.372148 [debug] [MainThread]: running dbt with arguments {'version_check': 'True', 'no_print': 'None', 'static_parser': 'True', 'warn_error_options': 'WarnErrorOptionsV2(error=[], warn=[], silence=[])', 'target_path': 'None', 'printer_width': '80', 'write_json': 'True', 'empty': 'None', 'log_cache_events': 'False', 'introspect': 'True', 'cache_selected_only': 'False', 'fail_fast': 'False', 'debug': 'False', 'log_format': 'default', 'profiles_dir': 'C:\\Users\\Jafar Shodiq\\.dbt', 'send_anonymous_usage_stats': 'True', 'quiet': 'False', 'warn_error': 'None', 'partial_parse': 'True', 'use_colors': 'True', 'invocation_command': 'dbt init jshodiq', 'indirect_selection': 'eager', 'use_experimental_parser': 'False', 'log_path': 'logs'}
[0m13:55:21.800705 [info ] [MainThread]: Creating dbt configuration folder at C:\Users\Jafar Shodiq\.dbt
[0m13:55:21.825250 [debug] [MainThread]: Starter project path: C:\Users\Jafar Shodiq\Documents\jshodiq_tech_test_triputra_agro_persada\.venv\Lib\site-packages\dbt\include\starter_project
[0m13:55:21.864407 [info ] [MainThread]: 
Your new dbt project "jshodiq" was created!

For more information on how to configure the profiles.yml file,
please consult the dbt documentation here:

  https://docs.getdbt.com/docs/configure-your-profile

One more thing:

Need help? Don't hesitate to reach out to us via GitHub issues or on Slack:

  https://community.getdbt.com/

Happy modeling!

[0m13:55:21.864407 [info ] [MainThread]: Setting up your profile.
[0m13:55:34.922066 [debug] [MainThread]: Snowflake adapter: Setting snowflake.connector to ERROR (file logging only)
[0m13:55:34.922066 [debug] [MainThread]: Snowflake adapter: Setting botocore to ERROR (file logging only)
[0m13:55:34.922066 [debug] [MainThread]: Snowflake adapter: Setting boto3 to ERROR (file logging only)
[0m14:00:18.725775 [info ] [MainThread]: Profile jshodiq written to C:\Users\Jafar Shodiq\.dbt\profiles.yml using target's profile_template.yml and your supplied values. Run 'dbt debug' to validate the connection.
[0m14:00:18.725775 [debug] [MainThread]: Command `dbt init` succeeded at 14:00:18.725775 after 297.63 seconds
[0m14:00:18.725775 [debug] [MainThread]: Sending event: {'category': 'dbt', 'action': 'invocation', 'label': 'end', 'context': [<snowplow_tracker.self_describing_json.SelfDescribingJson object at 0x000001A92B9F7F80>, <snowplow_tracker.self_describing_json.SelfDescribingJson object at 0x000001A92D871FA0>, <snowplow_tracker.self_describing_json.SelfDescribingJson object at 0x000001A92E131CA0>]}
[0m14:00:18.725775 [debug] [MainThread]: Flushing usage events
[0m14:00:19.851488 [debug] [MainThread]: An error was encountered while trying to flush usage events
[0m14:00:57.803757 [debug] [MainThread]: Sending event: {'category': 'dbt', 'action': 'invocation', 'label': 'start', 'context': [<snowplow_tracker.self_describing_json.SelfDescribingJson object at 0x0000025ECD75A870>, <snowplow_tracker.self_describing_json.SelfDescribingJson object at 0x0000025ECE884770>, <snowplow_tracker.self_describing_json.SelfDescribingJson object at 0x0000025ED0260D40>]}


============================== 14:00:57.803757 | a85f7269-52b3-4714-b95e-27121acdc097 ==============================
[0m14:00:57.803757 [info ] [MainThread]: Running with dbt=1.11.2
[0m14:00:57.803757 [debug] [MainThread]: running dbt with arguments {'version_check': 'True', 'no_print': 'None', 'static_parser': 'True', 'warn_error_options': 'WarnErrorOptionsV2(error=[], warn=[], silence=[])', 'target_path': 'None', 'printer_width': '80', 'write_json': 'True', 'empty': 'None', 'log_cache_events': 'False', 'introspect': 'True', 'cache_selected_only': 'False', 'log_format': 'default', 'debug': 'False', 'fail_fast': 'False', 'profiles_dir': 'C:\\Users\\Jafar Shodiq\\.dbt', 'send_anonymous_usage_stats': 'True', 'quiet': 'False', 'warn_error': 'None', 'partial_parse': 'True', 'use_colors': 'True', 'invocation_command': 'dbt debug', 'indirect_selection': 'eager', 'use_experimental_parser': 'False', 'log_path': 'logs'}
[0m14:00:57.867904 [info ] [MainThread]: dbt version: 1.11.2
[0m14:00:57.867904 [info ] [MainThread]: python version: 3.12.12
[0m14:00:57.867904 [info ] [MainThread]: python path: C:\Users\Jafar Shodiq\Documents\jshodiq_tech_test_triputra_agro_persada\.venv\Scripts\python.exe
[0m14:00:57.867904 [info ] [MainThread]: os info: Windows-11-10.0.26200-SP0
[0m14:00:58.248728 [debug] [MainThread]: Snowflake adapter: Setting snowflake.connector to ERROR (file logging only)
[0m14:00:58.248728 [debug] [MainThread]: Snowflake adapter: Setting botocore to ERROR (file logging only)
[0m14:00:58.248728 [debug] [MainThread]: Snowflake adapter: Setting boto3 to ERROR (file logging only)
[0m14:00:58.312345 [info ] [MainThread]: Using profiles dir at C:\Users\Jafar Shodiq\.dbt
[0m14:00:58.312345 [info ] [MainThread]: Using profiles.yml file at C:\Users\Jafar Shodiq\.dbt\profiles.yml
[0m14:00:58.312345 [info ] [MainThread]: Using dbt_project.yml file at C:\Users\Jafar Shodiq\Documents\jshodiq_tech_test_triputra_agro_persada\dbt_project.yml
[0m14:00:58.312345 [info ] [MainThread]: adapter type: snowflake
[0m14:00:58.312345 [info ] [MainThread]: adapter version: 1.11.1
[0m14:00:58.312345 [info ] [MainThread]: Configuration:
[0m14:00:58.312345 [info ] [MainThread]:   profiles.yml file [[32mOK found and valid[0m]
[0m14:00:58.327579 [info ] [MainThread]:   dbt_project.yml file [[31mERROR not found[0m]
[0m14:00:58.327579 [info ] [MainThread]: Required dependencies:
[0m14:00:58.327579 [debug] [MainThread]: Executing "git --help"
[0m14:00:58.391553 [debug] [MainThread]: STDOUT: "b"usage: git [-v | --version] [-h | --help] [-C <path>] [-c <name>=<value>]\n           [--exec-path[=<path>]] [--html-path] [--man-path] [--info-path]\n           [-p | --paginate | -P | --no-pager] [--no-replace-objects] [--no-lazy-fetch]\n           [--no-optional-locks] [--no-advice] [--bare] [--git-dir=<path>]\n           [--work-tree=<path>] [--namespace=<name>] [--config-env=<name>=<envvar>]\n           <command> [<args>]\n\nThese are common Git commands used in various situations:\n\nstart a working area (see also: git help tutorial)\n   clone      Clone a repository into a new directory\n   init       Create an empty Git repository or reinitialize an existing one\n\nwork on the current change (see also: git help everyday)\n   add        Add file contents to the index\n   mv         Move or rename a file, a directory, or a symlink\n   restore    Restore working tree files\n   rm         Remove files from the working tree and from the index\n\nexamine the history and state (see also: git help revisions)\n   bisect     Use binary search to find the commit that introduced a bug\n   diff       Show changes between commits, commit and working tree, etc\n   grep       Print lines matching a pattern\n   log        Show commit logs\n   show       Show various types of objects\n   status     Show the working tree status\n\ngrow, mark and tweak your common history\n   backfill   Download missing objects in a partial clone\n   branch     List, create, or delete branches\n   commit     Record changes to the repository\n   merge      Join two or more development histories together\n   rebase     Reapply commits on top of another base tip\n   reset      Reset current HEAD to the specified state\n   switch     Switch branches\n   tag        Create, list, delete or verify tags\n\ncollaborate (see also: git help workflows)\n   fetch      Download objects and refs from another repository\n   pull       Fetch from and integrate with another repository or a local branch\n   push       Update remote refs along with associated objects\n\n'git help -a' and 'git help -g' list available subcommands and some\nconcept guides. See 'git help <command>' or 'git help <concept>'\nto read about a specific subcommand or concept.\nSee 'git help git' for an overview of the system.\n""
[0m14:00:58.391553 [debug] [MainThread]: STDERR: "b''"
[0m14:00:58.391553 [info ] [MainThread]:  - git [[32mOK found[0m]

[0m14:00:58.391553 [info ] [MainThread]: Connection:
[0m14:00:58.391553 [info ] [MainThread]:   account: ap-southeast-3.aws
[0m14:00:58.391553 [info ] [MainThread]:   user: zeburanox
[0m14:00:58.391553 [info ] [MainThread]:   database: JSHODIQ_TECH_TEST
[0m14:00:58.391553 [info ] [MainThread]:   warehouse: COMPUTE_WH
[0m14:00:58.391553 [info ] [MainThread]:   role: ACCOUNTADMIN
[0m14:00:58.402029 [info ] [MainThread]:   schema: PUBLIC
[0m14:00:58.402029 [info ] [MainThread]:   authenticator: None
[0m14:00:58.402029 [info ] [MainThread]:   oauth_client_id: None
[0m14:00:58.402029 [info ] [MainThread]:   query_tag: None
[0m14:00:58.402029 [info ] [MainThread]:   client_session_keep_alive: False
[0m14:00:58.402029 [info ] [MainThread]:   host: None
[0m14:00:58.402029 [info ] [MainThread]:   port: None
[0m14:00:58.402029 [info ] [MainThread]:   proxy_host: None
[0m14:00:58.402029 [info ] [MainThread]:   proxy_port: None
[0m14:00:58.402029 [info ] [MainThread]:   protocol: None
[0m14:00:58.402029 [info ] [MainThread]:   connect_retries: 1
[0m14:00:58.402029 [info ] [MainThread]:   connect_timeout: None
[0m14:00:58.402029 [info ] [MainThread]:   retry_on_database_errors: False
[0m14:00:58.406732 [info ] [MainThread]:   retry_all: False
[0m14:00:58.406732 [info ] [MainThread]:   insecure_mode: False
[0m14:00:58.406732 [info ] [MainThread]:   reuse_connections: True
[0m14:00:58.406732 [info ] [MainThread]:   s3_stage_vpce_dns_name: None
[0m14:00:58.406732 [info ] [MainThread]:   platform_detection_timeout_seconds: 0.0
[0m14:00:58.406732 [info ] [MainThread]: Registered adapter: snowflake=1.11.1
[0m14:00:58.814354 [debug] [MainThread]: Acquiring new snowflake connection 'debug'
[0m14:01:02.326251 [debug] [MainThread]: Using snowflake connection "debug"
[0m14:01:02.326251 [debug] [MainThread]: On debug: select 1 as id
[0m14:01:02.326251 [debug] [MainThread]: Opening a new connection, currently in state init
[0m14:01:04.334175 [debug] [MainThread]: Snowflake adapter: Error running SQL: select 1 as id
[0m14:01:04.334175 [debug] [MainThread]: Snowflake adapter: Rolling back transaction.
[0m14:01:04.334175 [info ] [MainThread]:   Connection test: [[31mERROR[0m]

[0m14:01:04.334175 [info ] [MainThread]: [31m2 checks failed:[0m
[0m14:01:04.334175 [info ] [MainThread]: Project loading failed for the following reason:
 project path <C:\Users\Jafar Shodiq\Documents\jshodiq_tech_test_triputra_agro_persada\dbt_project.yml> not found

[0m14:01:04.334175 [info ] [MainThread]: dbt was unable to connect to the specified database.
The database returned the following error:

  >Database Error
  290404 (08001): 404 Not Found: post ap-southeast-3.aws.snowflakecomputing.com:443/session/v1/login-request

Check your database credentials and try again. For more information, visit:
https://docs.getdbt.com/docs/configure-your-profile


[0m14:01:04.334175 [debug] [MainThread]: Command `dbt debug` failed at 14:01:04.334175 after 6.70 seconds
[0m14:01:04.334175 [debug] [MainThread]: Connection 'debug' was left open.
[0m14:01:04.334175 [debug] [MainThread]: On debug: No close available on handle
[0m14:01:04.334175 [debug] [MainThread]: Sending event: {'category': 'dbt', 'action': 'invocation', 'label': 'end', 'context': [<snowplow_tracker.self_describing_json.SelfDescribingJson object at 0x0000025ECD881DF0>, <snowplow_tracker.self_describing_json.SelfDescribingJson object at 0x0000025ED1214C20>, <snowplow_tracker.self_describing_json.SelfDescribingJson object at 0x0000025ED1216AE0>]}
[0m14:01:04.342270 [debug] [MainThread]: Flushing usage events
[0m14:01:05.405060 [debug] [MainThread]: An error was encountered while trying to flush usage events
[0m16:36:39.306626 [debug] [MainThread]: Sending event: {'category': 'dbt', 'action': 'invocation', 'label': 'start', 'context': [<snowplow_tracker.self_describing_json.SelfDescribingJson object at 0x000001DC0D900830>, <snowplow_tracker.self_describing_json.SelfDescribingJson object at 0x000001DC0D0A99A0>, <snowplow_tracker.self_describing_json.SelfDescribingJson object at 0x000001DC0D788770>]}


============================== 16:36:39.322781 | 41623d6d-4995-4bdb-ab06-b49a5db9852b ==============================
[0m16:36:39.322781 [info ] [MainThread]: Running with dbt=1.11.2
[0m16:36:39.322781 [debug] [MainThread]: running dbt with arguments {'version_check': 'True', 'no_print': 'None', 'static_parser': 'True', 'warn_error_options': 'WarnErrorOptionsV2(error=[], warn=[], silence=[])', 'target_path': 'None', 'printer_width': '80', 'write_json': 'True', 'empty': 'None', 'log_cache_events': 'False', 'introspect': 'True', 'cache_selected_only': 'False', 'fail_fast': 'False', 'debug': 'False', 'log_format': 'default', 'profiles_dir': 'C:\\Users\\Jafar Shodiq\\.dbt', 'send_anonymous_usage_stats': 'True', 'quiet': 'False', 'warn_error': 'None', 'partial_parse': 'True', 'use_colors': 'True', 'invocation_command': 'dbt docs generate', 'indirect_selection': 'eager', 'use_experimental_parser': 'False', 'log_path': 'logs'}
[0m16:36:39.322781 [error] [MainThread]: Encountered an error:
Runtime Error
  No dbt_project.yml found at expected path C:\Users\Jafar Shodiq\Documents\jshodiq_tech_test_triputra_agro_persada\dbt_project.yml
  Verify that each entry within packages.yml (and their transitive dependencies) contains a file named dbt_project.yml
  
[0m16:36:39.322781 [debug] [MainThread]: Command `dbt docs generate` failed at 16:36:39.322781 after 0.20 seconds
[0m16:36:39.322781 [debug] [MainThread]: Sending event: {'category': 'dbt', 'action': 'invocation', 'label': 'end', 'context': [<snowplow_tracker.self_describing_json.SelfDescribingJson object at 0x000001DC0D900830>, <snowplow_tracker.self_describing_json.SelfDescribingJson object at 0x000001DC0D397230>, <snowplow_tracker.self_describing_json.SelfDescribingJson object at 0x000001DC0DDA77A0>]}
[0m16:36:39.322781 [debug] [MainThread]: Flushing usage events
[0m16:36:40.601292 [debug] [MainThread]: An error was encountered while trying to flush usage events
